build/app/intermediates/manifest_merge_blame_file/debug/manifest-merger-blame-debug-report.txt
1<?xml version="1.0" encoding="utf-8"?>
2<manifest xmlns:android="http://schemas.android.com/apk/res/android"
3    package="kg.onoy_kg"
4    android:versionCode="1"
5    android:versionName="1.2.0" >
6
7    <uses-sdk
8        android:minSdkVersion="23"
9        android:targetSdkVersion="30" />
10    <!--
11         Flutter needs it to communicate with the running application
12         to allow setting breakpoints, to provide hot reload, etc.
13    -->
14    <uses-permission android:name="android.permission.INTERNET" />
14-->src/main/AndroidManifest.xml:8:5-66
14-->src/main/AndroidManifest.xml:8:22-64
15    <uses-permission android:name="android.permission.READ_EXTERNAL_STORAGE" />
15-->[:image_picker] AndroidManifest.xml:7:5-80
15-->[:image_picker] AndroidManifest.xml:7:22-77
16    <uses-permission android:name="android.permission.WRITE_EXTERNAL_STORAGE" />
16-->[:image_picker] AndroidManifest.xml:8:5-81
16-->[:image_picker] AndroidManifest.xml:8:22-78
17    <uses-permission android:name="android.permission.ACCESS_NETWORK_STATE" />
17-->[com.google.firebase:firebase-auth:21.0.8] AndroidManifest.xml:24:5-79
17-->[com.google.firebase:firebase-auth:21.0.8] AndroidManifest.xml:24:22-76
18    <uses-permission android:name="android.permission.WAKE_LOCK" />
18-->[com.google.android.gms:play-services-measurement-api:21.1.1] AndroidManifest.xml:24:5-68
18-->[com.google.android.gms:play-services-measurement-api:21.1.1] AndroidManifest.xml:24:22-65
19    <uses-permission android:name="com.google.android.gms.permission.AD_ID" />
19-->[com.google.android.gms:play-services-measurement-api:21.1.1] AndroidManifest.xml:25:5-79
19-->[com.google.android.gms:play-services-measurement-api:21.1.1] AndroidManifest.xml:25:22-76
20    <uses-permission android:name="com.google.android.finsky.permission.BIND_GET_INSTALL_REFERRER_SERVICE" />
20-->[com.google.android.gms:play-services-measurement:21.1.1] AndroidManifest.xml:26:5-110
20-->[com.google.android.gms:play-services-measurement:21.1.1] AndroidManifest.xml:26:22-107
21
22    <application
23        android:name="android.app.Application"
24        android:appComponentFactory="androidx.core.app.CoreComponentFactory"
24-->[androidx.core:core:1.6.0] AndroidManifest.xml:24:18-86
25        android:debuggable="true"
26        android:extractNativeLibs="false"
27        android:icon="@mipmap/launcher_icon"
28        android:label="onoy_kg"
29        android:usesCleartextTraffic="true" >
30        <activity
31            android:name="kg.onoy_kg.MainActivity"
32            android:configChanges="orientation|keyboardHidden|keyboard|screenSize|smallestScreenSize|locale|layoutDirection|fontScale|screenLayout|density|uiMode"
33            android:hardwareAccelerated="true"
34            android:launchMode="singleTop"
35            android:theme="@style/LaunchTheme"
36            android:windowSoftInputMode="adjustResize" >
37
38            <!--
39                 Specifies an Android theme to apply to this Activity as soon as
40                 the Android process has started. This theme is visible to the user
41                 while the Flutter UI initializes. After that, this theme continues
42                 to determine the Window background behind the Flutter UI.
43            -->
44            <meta-data
45                android:name="io.flutter.embedding.android.NormalTheme"
46                android:resource="@style/NormalTheme" />
47            <!--
48                 Displays an Android View that continues showing the launch screen
49                 Drawable until Flutter paints its first frame, then this splash
50                 screen fades out. A splash screen is useful to avoid any visual
51                 gap between the end of Android's launch screen and the painting of
52                 Flutter's first frame.
53            -->
54            <meta-data
55                android:name="io.flutter.embedding.android.SplashScreenDrawable"
56                android:resource="@drawable/launch_background" />
57
58            <intent-filter>
59                <action android:name="android.intent.action.MAIN" />
60
61                <category android:name="android.intent.category.LAUNCHER" />
62            </intent-filter>
63        </activity>
64        <!--
65             Don't delete the meta-data below.
66             This is used by the Flutter tool to generate GeneratedPluginRegistrant.java
67        -->
68        <meta-data
69            android:name="flutterEmbedding"
70            android:value="2" />
71
72        <service
72-->[:firebase_crashlytics] AndroidManifest.xml:8:9-12:19
73            android:name="com.google.firebase.components.ComponentDiscoveryService"
73-->[:firebase_crashlytics] AndroidManifest.xml:8:18-89
74            android:directBootAware="true"
74-->[com.google.firebase:firebase-common:20.1.2] AndroidManifest.xml:35:13-43
75            android:exported="false" >
75-->[com.google.firebase:firebase-analytics-ktx:21.1.1] AndroidManifest.xml:10:13-37
76            <meta-data
76-->[:firebase_crashlytics] AndroidManifest.xml:9:13-11:85
77                android:name="com.google.firebase.components:io.flutter.plugins.firebase.crashlytics.FlutterFirebaseAppRegistrar"
77-->[:firebase_crashlytics] AndroidManifest.xml:10:17-130
78                android:value="com.google.firebase.components.ComponentRegistrar" />
78-->[:firebase_crashlytics] AndroidManifest.xml:11:17-82
79            <meta-data
79-->[:firebase_auth] AndroidManifest.xml:9:13-11:85
80                android:name="com.google.firebase.components:io.flutter.plugins.firebase.auth.FlutterFirebaseAuthRegistrar"
80-->[:firebase_auth] AndroidManifest.xml:10:17-124
81                android:value="com.google.firebase.components.ComponentRegistrar" />
81-->[:firebase_auth] AndroidManifest.xml:11:17-82
82            <meta-data
82-->[:firebase_core] AndroidManifest.xml:9:13-11:85
83                android:name="com.google.firebase.components:io.flutter.plugins.firebase.core.FlutterFirebaseCoreRegistrar"
83-->[:firebase_core] AndroidManifest.xml:10:17-124
84                android:value="com.google.firebase.components.ComponentRegistrar" />
84-->[:firebase_core] AndroidManifest.xml:11:17-82
85            <meta-data
85-->[com.google.firebase:firebase-analytics-ktx:21.1.1] AndroidManifest.xml:11:13-13:85
86                android:name="com.google.firebase.components:com.google.firebase.analytics.ktx.FirebaseAnalyticsKtxRegistrar"
86-->[com.google.firebase:firebase-analytics-ktx:21.1.1] AndroidManifest.xml:12:17-126
87                android:value="com.google.firebase.components.ComponentRegistrar" />
87-->[com.google.firebase:firebase-analytics-ktx:21.1.1] AndroidManifest.xml:13:17-82
88            <meta-data
88-->[com.google.firebase:firebase-auth:21.0.8] AndroidManifest.xml:67:13-69:85
89                android:name="com.google.firebase.components:com.google.firebase.auth.FirebaseAuthRegistrar"
89-->[com.google.firebase:firebase-auth:21.0.8] AndroidManifest.xml:68:17-109
90                android:value="com.google.firebase.components.ComponentRegistrar" />
90-->[com.google.firebase:firebase-auth:21.0.8] AndroidManifest.xml:69:17-82
91            <meta-data
91-->[com.google.firebase:firebase-crashlytics:18.2.13] AndroidManifest.xml:18:13-20:85
92                android:name="com.google.firebase.components:com.google.firebase.crashlytics.CrashlyticsRegistrar"
92-->[com.google.firebase:firebase-crashlytics:18.2.13] AndroidManifest.xml:19:17-115
93                android:value="com.google.firebase.components.ComponentRegistrar" />
93-->[com.google.firebase:firebase-crashlytics:18.2.13] AndroidManifest.xml:20:17-82
94            <meta-data
94-->[com.google.firebase:firebase-common-ktx:20.1.2] AndroidManifest.xml:15:13-17:85
95                android:name="com.google.firebase.components:com.google.firebase.ktx.FirebaseCommonKtxRegistrar"
95-->[com.google.firebase:firebase-common-ktx:20.1.2] AndroidManifest.xml:16:17-113
96                android:value="com.google.firebase.components.ComponentRegistrar" />
96-->[com.google.firebase:firebase-common-ktx:20.1.2] AndroidManifest.xml:17:17-82
97            <meta-data
97-->[com.google.android.gms:play-services-measurement-api:21.1.1] AndroidManifest.xml:31:13-33:85
98                android:name="com.google.firebase.components:com.google.firebase.analytics.connector.internal.AnalyticsConnectorRegistrar"
98-->[com.google.android.gms:play-services-measurement-api:21.1.1] AndroidManifest.xml:32:17-139
99                android:value="com.google.firebase.components.ComponentRegistrar" />
99-->[com.google.android.gms:play-services-measurement-api:21.1.1] AndroidManifest.xml:33:17-82
100            <meta-data
100-->[com.google.firebase:firebase-installations:17.0.3] AndroidManifest.xml:18:13-20:85
101                android:name="com.google.firebase.components:com.google.firebase.installations.FirebaseInstallationsRegistrar"
101-->[com.google.firebase:firebase-installations:17.0.3] AndroidManifest.xml:19:17-127
102                android:value="com.google.firebase.components.ComponentRegistrar" />
102-->[com.google.firebase:firebase-installations:17.0.3] AndroidManifest.xml:20:17-82
103        </service>
104
105        <provider
105-->[:image_picker] AndroidManifest.xml:11:9-19:20
106            android:name="io.flutter.plugins.imagepicker.ImagePickerFileProvider"
106-->[:image_picker] AndroidManifest.xml:12:13-82
107            android:authorities="kg.onoy_kg.flutter.image_provider"
107-->[:image_picker] AndroidManifest.xml:13:13-74
108            android:exported="false"
108-->[:image_picker] AndroidManifest.xml:14:13-37
109            android:grantUriPermissions="true" >
109-->[:image_picker] AndroidManifest.xml:15:13-47
110            <meta-data
110-->[:image_picker] AndroidManifest.xml:16:13-18:75
111                android:name="android.support.FILE_PROVIDER_PATHS"
111-->[:image_picker] AndroidManifest.xml:17:17-67
112                android:resource="@xml/flutter_image_picker_file_paths" />
112-->[:image_picker] AndroidManifest.xml:18:17-72
113        </provider>
114
115        <uses-library
115-->[androidx.window:window:1.0.0-beta04] AndroidManifest.xml:25:9-27:40
116            android:name="androidx.window.extensions"
116-->[androidx.window:window:1.0.0-beta04] AndroidManifest.xml:26:13-54
117            android:required="false" />
117-->[androidx.window:window:1.0.0-beta04] AndroidManifest.xml:27:13-37
118        <uses-library
118-->[androidx.window:window:1.0.0-beta04] AndroidManifest.xml:28:9-30:40
119            android:name="androidx.window.sidecar"
119-->[androidx.window:window:1.0.0-beta04] AndroidManifest.xml:29:13-51
120            android:required="false" />
120-->[androidx.window:window:1.0.0-beta04] AndroidManifest.xml:30:13-37
121
122        <activity
122-->[com.google.firebase:firebase-auth:21.0.8] AndroidManifest.xml:27:9-44:20
123            android:name="com.google.firebase.auth.internal.GenericIdpActivity"
123-->[com.google.firebase:firebase-auth:21.0.8] AndroidManifest.xml:28:13-80
124            android:excludeFromRecents="true"
124-->[com.google.firebase:firebase-auth:21.0.8] AndroidManifest.xml:29:13-46
125            android:exported="true"
125-->[com.google.firebase:firebase-auth:21.0.8] AndroidManifest.xml:30:13-36
126            android:launchMode="singleTask"
126-->[com.google.firebase:firebase-auth:21.0.8] AndroidManifest.xml:31:13-44
127            android:theme="@android:style/Theme.Translucent.NoTitleBar" >
127-->[com.google.firebase:firebase-auth:21.0.8] AndroidManifest.xml:32:13-72
128            <intent-filter>
128-->[com.google.firebase:firebase-auth:21.0.8] AndroidManifest.xml:33:13-43:29
129                <action android:name="android.intent.action.VIEW" />
129-->[com.google.firebase:firebase-auth:21.0.8] AndroidManifest.xml:34:17-69
129-->[com.google.firebase:firebase-auth:21.0.8] AndroidManifest.xml:34:25-66
130
131                <category android:name="android.intent.category.DEFAULT" />
131-->[com.google.firebase:firebase-auth:21.0.8] AndroidManifest.xml:36:17-76
131-->[com.google.firebase:firebase-auth:21.0.8] AndroidManifest.xml:36:27-73
132                <category android:name="android.intent.category.BROWSABLE" />
132-->[com.google.firebase:firebase-auth:21.0.8] AndroidManifest.xml:37:17-78
132-->[com.google.firebase:firebase-auth:21.0.8] AndroidManifest.xml:37:27-75
133
134                <data
134-->[com.google.firebase:firebase-auth:21.0.8] AndroidManifest.xml:39:17-42:51
135                    android:host="firebase.auth"
135-->[com.google.firebase:firebase-auth:21.0.8] AndroidManifest.xml:40:21-49
136                    android:path="/"
136-->[com.google.firebase:firebase-auth:21.0.8] AndroidManifest.xml:41:21-37
137                    android:scheme="genericidp" />
137-->[com.google.firebase:firebase-auth:21.0.8] AndroidManifest.xml:42:21-48
138            </intent-filter>
139        </activity>
140        <activity
140-->[com.google.firebase:firebase-auth:21.0.8] AndroidManifest.xml:45:9-62:20
141            android:name="com.google.firebase.auth.internal.RecaptchaActivity"
141-->[com.google.firebase:firebase-auth:21.0.8] AndroidManifest.xml:46:13-79
142            android:excludeFromRecents="true"
142-->[com.google.firebase:firebase-auth:21.0.8] AndroidManifest.xml:47:13-46
143            android:exported="true"
143-->[com.google.firebase:firebase-auth:21.0.8] AndroidManifest.xml:48:13-36
144            android:launchMode="singleTask"
144-->[com.google.firebase:firebase-auth:21.0.8] AndroidManifest.xml:49:13-44
145            android:theme="@android:style/Theme.Translucent.NoTitleBar" >
145-->[com.google.firebase:firebase-auth:21.0.8] AndroidManifest.xml:50:13-72
146            <intent-filter>
146-->[com.google.firebase:firebase-auth:21.0.8] AndroidManifest.xml:51:13-61:29
147                <action android:name="android.intent.action.VIEW" />
147-->[com.google.firebase:firebase-auth:21.0.8] AndroidManifest.xml:34:17-69
147-->[com.google.firebase:firebase-auth:21.0.8] AndroidManifest.xml:34:25-66
148
149                <category android:name="android.intent.category.DEFAULT" />
149-->[com.google.firebase:firebase-auth:21.0.8] AndroidManifest.xml:36:17-76
149-->[com.google.firebase:firebase-auth:21.0.8] AndroidManifest.xml:36:27-73
150                <category android:name="android.intent.category.BROWSABLE" />
150-->[com.google.firebase:firebase-auth:21.0.8] AndroidManifest.xml:37:17-78
150-->[com.google.firebase:firebase-auth:21.0.8] AndroidManifest.xml:37:27-75
151
152                <data
152-->[com.google.firebase:firebase-auth:21.0.8] AndroidManifest.xml:39:17-42:51
153                    android:host="firebase.auth"
153-->[com.google.firebase:firebase-auth:21.0.8] AndroidManifest.xml:40:21-49
154                    android:path="/"
154-->[com.google.firebase:firebase-auth:21.0.8] AndroidManifest.xml:41:21-37
155                    android:scheme="recaptcha" />
155-->[com.google.firebase:firebase-auth:21.0.8] AndroidManifest.xml:42:21-48
156            </intent-filter>
157        </activity>
158
159        <service
159-->[com.google.android.datatransport:transport-backend-cct:3.1.7] AndroidManifest.xml:29:9-35:19
160            android:name="com.google.android.datatransport.runtime.backends.TransportBackendDiscovery"
160-->[com.google.android.datatransport:transport-backend-cct:3.1.7] AndroidManifest.xml:30:13-103
161            android:exported="false" >
161-->[com.google.android.datatransport:transport-backend-cct:3.1.7] AndroidManifest.xml:31:13-37
162            <meta-data
162-->[com.google.android.datatransport:transport-backend-cct:3.1.7] AndroidManifest.xml:32:13-34:39
163                android:name="backend:com.google.android.datatransport.cct.CctBackendFactory"
163-->[com.google.android.datatransport:transport-backend-cct:3.1.7] AndroidManifest.xml:33:17-94
164                android:value="cct" />
164-->[com.google.android.datatransport:transport-backend-cct:3.1.7] AndroidManifest.xml:34:17-36
165        </service>
166        <service
166-->[com.google.android.datatransport:transport-runtime:3.1.7] AndroidManifest.xml:26:9-30:19
167            android:name="com.google.android.datatransport.runtime.scheduling.jobscheduling.JobInfoSchedulerService"
167-->[com.google.android.datatransport:transport-runtime:3.1.7] AndroidManifest.xml:27:13-117
168            android:exported="false"
168-->[com.google.android.datatransport:transport-runtime:3.1.7] AndroidManifest.xml:28:13-37
169            android:permission="android.permission.BIND_JOB_SERVICE" >
169-->[com.google.android.datatransport:transport-runtime:3.1.7] AndroidManifest.xml:29:13-69
170        </service>
171
172        <receiver
172-->[com.google.android.datatransport:transport-runtime:3.1.7] AndroidManifest.xml:32:9-34:40
173            android:name="com.google.android.datatransport.runtime.scheduling.jobscheduling.AlarmManagerSchedulerBroadcastReceiver"
173-->[com.google.android.datatransport:transport-runtime:3.1.7] AndroidManifest.xml:33:13-132
174            android:exported="false" />
174-->[com.google.android.datatransport:transport-runtime:3.1.7] AndroidManifest.xml:34:13-37
175
176        <provider
176-->[com.google.firebase:firebase-common:20.1.2] AndroidManifest.xml:26:9-31:39
177            android:name="com.google.firebase.provider.FirebaseInitProvider"
177-->[com.google.firebase:firebase-common:20.1.2] AndroidManifest.xml:27:13-77
178            android:authorities="kg.onoy_kg.firebaseinitprovider"
178-->[com.google.firebase:firebase-common:20.1.2] AndroidManifest.xml:28:13-72
179            android:directBootAware="true"
179-->[com.google.firebase:firebase-common:20.1.2] AndroidManifest.xml:29:13-43
180            android:exported="false"
180-->[com.google.firebase:firebase-common:20.1.2] AndroidManifest.xml:30:13-37
181            android:initOrder="100" />
181-->[com.google.firebase:firebase-common:20.1.2] AndroidManifest.xml:31:13-36
182
183        <activity
183-->[com.google.android.gms:play-services-base:17.1.0] AndroidManifest.xml:23:9-26:75
184            android:name="com.google.android.gms.common.api.GoogleApiActivity"
184-->[com.google.android.gms:play-services-base:17.1.0] AndroidManifest.xml:24:13-79
185            android:exported="false"
185-->[com.google.android.gms:play-services-base:17.1.0] AndroidManifest.xml:25:13-37
186            android:theme="@android:style/Theme.Translucent.NoTitleBar" />
186-->[com.google.android.gms:play-services-base:17.1.0] AndroidManifest.xml:26:13-72
187
188        <receiver
188-->[com.google.android.gms:play-services-measurement:21.1.1] AndroidManifest.xml:29:9-33:20
189            android:name="com.google.android.gms.measurement.AppMeasurementReceiver"
189-->[com.google.android.gms:play-services-measurement:21.1.1] AndroidManifest.xml:30:13-85
190            android:enabled="true"
190-->[com.google.android.gms:play-services-measurement:21.1.1] AndroidManifest.xml:31:13-35
191            android:exported="false" >
191-->[com.google.android.gms:play-services-measurement:21.1.1] AndroidManifest.xml:32:13-37
192        </receiver>
193
194        <service
194-->[com.google.android.gms:play-services-measurement:21.1.1] AndroidManifest.xml:35:9-38:40
195            android:name="com.google.android.gms.measurement.AppMeasurementService"
195-->[com.google.android.gms:play-services-measurement:21.1.1] AndroidManifest.xml:36:13-84
196            android:enabled="true"
196-->[com.google.android.gms:play-services-measurement:21.1.1] AndroidManifest.xml:37:13-35
197            android:exported="false" />
197-->[com.google.android.gms:play-services-measurement:21.1.1] AndroidManifest.xml:38:13-37
198        <service
198-->[com.google.android.gms:play-services-measurement:21.1.1] AndroidManifest.xml:39:9-43:72
199            android:name="com.google.android.gms.measurement.AppMeasurementJobService"
199-->[com.google.android.gms:play-services-measurement:21.1.1] AndroidManifest.xml:40:13-87
200            android:enabled="true"
200-->[com.google.android.gms:play-services-measurement:21.1.1] AndroidManifest.xml:41:13-35
201            android:exported="false"
201-->[com.google.android.gms:play-services-measurement:21.1.1] AndroidManifest.xml:42:13-37
202            android:permission="android.permission.BIND_JOB_SERVICE" />
202-->[com.google.android.gms:play-services-measurement:21.1.1] AndroidManifest.xml:43:13-69
203
204        <meta-data
204-->[com.google.android.gms:play-services-basement:18.1.0] AndroidManifest.xml:21:9-23:69
205            android:name="com.google.android.gms.version"
205-->[com.google.android.gms:play-services-basement:18.1.0] AndroidManifest.xml:22:13-58
206            android:value="@integer/google_play_services_version" />
206-->[com.google.android.gms:play-services-basement:18.1.0] AndroidManifest.xml:23:13-66
207    </application>
208
209</manifest>